{
"contracts/GLDToken.sol":{"l":{"127":31,"180":252,"181":252,"188":21,"196":21,"213":21,"220":21,"227":22,"239":12,"240":12,"241":8,"248":34,"262":6,"263":6,"264":4,"288":13,"289":13,"290":9,"291":7,"313":21,"314":21,"316":17,"318":17,"319":17,"320":15,"321":15,"323":15,"325":15,"327":15,"340":252,"342":252,"344":252,"345":252,"346":252,"348":252,"369":17,"370":15,"372":13,"373":13,"389":13,"390":13,"391":13,"392":11,"393":11,"444":252},"path":"/workspaces/demo-erc-20/contracts/GLDToken.sol","s":{"1":31,"2":21,"3":21,"4":21,"5":21,"6":22,"7":12,"8":12,"9":8,"10":34,"11":6,"12":6,"13":4,"14":13,"15":13,"16":9,"17":7,"18":21,"19":21,"20":17,"21":17,"22":17,"23":15,"24":15,"25":252,"26":252,"27":252,"28":252,"29":17,"30":15,"31":13,"32":13,"33":13,"34":13,"35":11,"36":252},"b":{"1":[21,0],"2":[17,4],"3":[15,2],"4":[252,0],"5":[15,2],"6":[13,2],"7":[13,0],"8":[11,2]},"f":{"1":31,"2":252,"3":21,"4":21,"5":21,"6":21,"7":22,"8":12,"9":34,"10":6,"11":13,"12":21,"13":252,"14":17,"15":13,"16":269,"17":267,"18":252},"fnMap":{"1":{"name":"_msgSender","line":126,"loc":{"start":{"line":126,"column":4},"end":{"line":128,"column":4}}},"2":{"name":"constructor","line":179,"loc":{"start":{"line":179,"column":4},"end":{"line":182,"column":4}}},"3":{"name":"name","line":187,"loc":{"start":{"line":187,"column":4},"end":{"line":189,"column":4}}},"4":{"name":"symbol","line":195,"loc":{"start":{"line":195,"column":4},"end":{"line":197,"column":4}}},"5":{"name":"decimals","line":212,"loc":{"start":{"line":212,"column":4},"end":{"line":214,"column":4}}},"6":{"name":"totalSupply","line":219,"loc":{"start":{"line":219,"column":4},"end":{"line":221,"column":4}}},"7":{"name":"balanceOf","line":226,"loc":{"start":{"line":226,"column":4},"end":{"line":228,"column":4}}},"8":{"name":"transfer","line":238,"loc":{"start":{"line":238,"column":4},"end":{"line":242,"column":4}}},"9":{"name":"allowance","line":247,"loc":{"start":{"line":247,"column":4},"end":{"line":249,"column":4}}},"10":{"name":"approve","line":261,"loc":{"start":{"line":261,"column":4},"end":{"line":265,"column":4}}},"11":{"name":"transferFrom","line":283,"loc":{"start":{"line":283,"column":4},"end":{"line":292,"column":4}}},"12":{"name":"_transfer","line":308,"loc":{"start":{"line":308,"column":4},"end":{"line":328,"column":4}}},"13":{"name":"_mint","line":339,"loc":{"start":{"line":339,"column":4},"end":{"line":349,"column":4}}},"14":{"name":"_approve","line":364,"loc":{"start":{"line":364,"column":4},"end":{"line":374,"column":4}}},"15":{"name":"_spendAllowance","line":384,"loc":{"start":{"line":384,"column":4},"end":{"line":396,"column":4}}},"16":{"name":"_beforeTokenTransfer","line":412,"loc":{"start":{"line":412,"column":4},"end":{"line":416,"column":24}}},"17":{"name":"_afterTokenTransfer","line":432,"loc":{"start":{"line":432,"column":4},"end":{"line":436,"column":24}}},"18":{"name":"constructor","line":443,"loc":{"start":{"line":443,"column":4},"end":{"line":445,"column":4}}}},"statementMap":{"1":{"start":{"line":127,"column":8},"end":{"line":127,"column":25}},"2":{"start":{"line":188,"column":8},"end":{"line":188,"column":20}},"3":{"start":{"line":196,"column":8},"end":{"line":196,"column":22}},"4":{"start":{"line":213,"column":8},"end":{"line":213,"column":17}},"5":{"start":{"line":220,"column":8},"end":{"line":220,"column":27}},"6":{"start":{"line":227,"column":8},"end":{"line":227,"column":33}},"7":{"start":{"line":239,"column":8},"end":{"line":239,"column":36}},"8":{"start":{"line":240,"column":8},"end":{"line":240,"column":35}},"9":{"start":{"line":241,"column":8},"end":{"line":241,"column":19}},"10":{"start":{"line":248,"column":8},"end":{"line":248,"column":42}},"11":{"start":{"line":262,"column":8},"end":{"line":262,"column":36}},"12":{"start":{"line":263,"column":8},"end":{"line":263,"column":39}},"13":{"start":{"line":264,"column":8},"end":{"line":264,"column":19}},"14":{"start":{"line":288,"column":8},"end":{"line":288,"column":38}},"15":{"start":{"line":289,"column":8},"end":{"line":289,"column":45}},"16":{"start":{"line":290,"column":8},"end":{"line":290,"column":34}},"17":{"start":{"line":291,"column":8},"end":{"line":291,"column":19}},"18":{"start":{"line":313,"column":8},"end":{"line":313,"column":75}},"19":{"start":{"line":314,"column":8},"end":{"line":314,"column":71}},"20":{"start":{"line":316,"column":8},"end":{"line":316,"column":45}},"21":{"start":{"line":318,"column":8},"end":{"line":318,"column":45}},"22":{"start":{"line":319,"column":8},"end":{"line":319,"column":79}},"23":{"start":{"line":325,"column":8},"end":{"line":325,"column":39}},"24":{"start":{"line":327,"column":8},"end":{"line":327,"column":44}},"25":{"start":{"line":340,"column":8},"end":{"line":340,"column":72}},"26":{"start":{"line":342,"column":8},"end":{"line":342,"column":56}},"27":{"start":{"line":346,"column":8},"end":{"line":346,"column":50}},"28":{"start":{"line":348,"column":8},"end":{"line":348,"column":55}},"29":{"start":{"line":369,"column":8},"end":{"line":369,"column":75}},"30":{"start":{"line":370,"column":8},"end":{"line":370,"column":75}},"31":{"start":{"line":373,"column":8},"end":{"line":373,"column":45}},"32":{"start":{"line":389,"column":8},"end":{"line":389,"column":60}},"33":{"start":{"line":390,"column":8},"end":{"line":390,"column":12469}},"34":{"start":{"line":391,"column":12},"end":{"line":391,"column":79}},"35":{"start":{"line":393,"column":12},"end":{"line":393,"column":62}},"36":{"start":{"line":444,"column":8},"end":{"line":444,"column":39}}},"branchMap":{"1":{"line":313,"type":"if","locations":[{"start":{"line":313,"column":8},"end":{"line":313,"column":8}},{"start":{"line":313,"column":8},"end":{"line":313,"column":8}}]},"2":{"line":314,"type":"if","locations":[{"start":{"line":314,"column":8},"end":{"line":314,"column":8}},{"start":{"line":314,"column":8},"end":{"line":314,"column":8}}]},"3":{"line":319,"type":"if","locations":[{"start":{"line":319,"column":8},"end":{"line":319,"column":8}},{"start":{"line":319,"column":8},"end":{"line":319,"column":8}}]},"4":{"line":340,"type":"if","locations":[{"start":{"line":340,"column":8},"end":{"line":340,"column":8}},{"start":{"line":340,"column":8},"end":{"line":340,"column":8}}]},"5":{"line":369,"type":"if","locations":[{"start":{"line":369,"column":8},"end":{"line":369,"column":8}},{"start":{"line":369,"column":8},"end":{"line":369,"column":8}}]},"6":{"line":370,"type":"if","locations":[{"start":{"line":370,"column":8},"end":{"line":370,"column":8}},{"start":{"line":370,"column":8},"end":{"line":370,"column":8}}]},"7":{"line":390,"type":"if","locations":[{"start":{"line":390,"column":8},"end":{"line":390,"column":8}},{"start":{"line":390,"column":8},"end":{"line":390,"column":8}}]},"8":{"line":391,"type":"if","locations":[{"start":{"line":391,"column":12},"end":{"line":391,"column":12}},{"start":{"line":391,"column":12},"end":{"line":391,"column":12}}]}}}}
