TN:
SF:/workspaces/demo-erc-20/contracts/GLDToken.sol
FN:126,_msgSender
FN:179,constructor
FN:187,name
FN:195,symbol
FN:212,decimals
FN:219,totalSupply
FN:226,balanceOf
FN:238,transfer
FN:247,allowance
FN:261,approve
FN:283,transferFrom
FN:308,_transfer
FN:339,_mint
FN:364,_approve
FN:384,_spendAllowance
FN:412,_beforeTokenTransfer
FN:432,_afterTokenTransfer
FN:443,constructor
FNF:18
FNH:18
FNDA:31,_msgSender
FNDA:252,constructor
FNDA:21,name
FNDA:21,symbol
FNDA:21,decimals
FNDA:21,totalSupply
FNDA:22,balanceOf
FNDA:12,transfer
FNDA:34,allowance
FNDA:6,approve
FNDA:13,transferFrom
FNDA:21,_transfer
FNDA:252,_mint
FNDA:17,_approve
FNDA:13,_spendAllowance
FNDA:269,_beforeTokenTransfer
FNDA:267,_afterTokenTransfer
FNDA:252,constructor
DA:127,31
DA:180,252
DA:181,252
DA:188,21
DA:196,21
DA:213,21
DA:220,21
DA:227,22
DA:239,12
DA:240,12
DA:241,8
DA:248,34
DA:262,6
DA:263,6
DA:264,4
DA:288,13
DA:289,13
DA:290,9
DA:291,7
DA:313,21
DA:314,21
DA:316,17
DA:318,17
DA:319,17
DA:320,15
DA:321,15
DA:323,15
DA:325,15
DA:327,15
DA:340,252
DA:342,252
DA:344,252
DA:345,252
DA:346,252
DA:348,252
DA:369,17
DA:370,15
DA:372,13
DA:373,13
DA:389,13
DA:390,13
DA:391,13
DA:392,11
DA:393,11
DA:444,252
LF:45
LH:45
BRDA:313,1,0,21
BRDA:313,1,1,0
BRDA:314,2,0,17
BRDA:314,2,1,4
BRDA:319,3,0,15
BRDA:319,3,1,2
BRDA:340,4,0,252
BRDA:340,4,1,0
BRDA:369,5,0,15
BRDA:369,5,1,2
BRDA:370,6,0,13
BRDA:370,6,1,2
BRDA:390,7,0,13
BRDA:390,7,1,0
BRDA:391,8,0,11
BRDA:391,8,1,2
BRF:16
BRH:13
end_of_record
